<?xml version="1.0" encoding="UTF-8"?>
<!-- Generated by org.testng.reporters.JUnitReportReporter -->
<testsuite hostname="DESKTOP-81ARGGN" failures="0" tests="2" name="com.cyient.test.LoginTest" time="42.909" errors="0" timestamp="2021-06-07T17:06:30 IST" skipped="0">
  <testcase classname="com.cyient.test.LoginTest" name="validCredentialTest" time="23.597"/>
  <system-out/>
  <testcase classname="com.cyient.test.LoginTest" name="invalidCredentialTest" time="19.312"/>
  <system-out/>
</testsuite> <!-- com.cyient.test.LoginTest -->
