<?xml version="1.0" encoding="UTF-8"?>
<!-- Generated by org.testng.reporters.JUnitReportReporter -->
<testsuite hostname="DESKTOP-81ARGGN" failures="0" tests="1" name="com.cyient.test.AboutTest" time="12.803" errors="0" timestamp="2021-06-07T17:16:24 IST" skipped="0">
  <testcase classname="com.cyient.test.AboutTest" name="verifyCompanyNameTest" time="12.803"/>
  <system-out/>
</testsuite> <!-- com.cyient.test.AboutTest -->
